<?xml version="1.0" encoding="UTF-8"?>
<!-- Generated by org.testng.reporters.JUnitXMLReporter -->
<testsuite ignored="2" hostname="NAA" failures="0" tests="3" name="EdgeTest" time="16.093" errors="0" timestamp="2025-04-01T09:55:29 IST">
  <testcase classname="testscripts.HomeTest" name="verifyWhetherUserIsAbleToLogoutSuccessfully" time="2.389"/>
  <testcase classname="testscripts.LoginTest" name="verifyWhetherUserIsAbleToLoginWithValidUsernameAndInvalidPassword" time="0.702"/>
  <testcase classname="testscripts.LoginTest" name="verifyWhetherUserIsAbleToLoginWithValidCredentials" time="0.866"/>
  <testcase classname="testscripts.LoginTest" name="verifyWhetherUserIsAbleToLoginWithInValidUsernameAndValidPassword" time="0.0">
    <ignored/>
  </testcase> <!-- verifyWhetherUserIsAbleToLoginWithInValidUsernameAndValidPassword -->
  <testcase classname="testscripts.LoginTest" name="verifyWhetherUserIsAbleToLoginWithInvalidCredentials" time="0.0">
    <ignored/>
  </testcase> <!-- verifyWhetherUserIsAbleToLoginWithInvalidCredentials -->
</testsuite> <!-- EdgeTest -->
