<?xml version="1.0" encoding="UTF-8"?>
<!-- Generated by org.testng.reporters.JUnitXMLReporter -->
<testsuite ignored="0" hostname="NAA" failures="1" tests="2" name="Test2" time="23.496" errors="0" timestamp="2025-03-28T10:08:42 IST">
  <testcase classname="testscripts.ManageNewsTest" name="verifyWhetherUserIsAbleToNavigateToManageNewsPageAndAddANews" time="0.321">
    <failure type="org.apache.poi.openxml4j.exceptions.NotOfficeXmlFileException" message="No valid entries or contents found, this is not a valid OOXML (Office Open XML) file">
      <![CDATA[org.apache.poi.openxml4j.exceptions.NotOfficeXmlFileException: No valid entries or contents found, this is not a valid OOXML (Office Open XML) file
at org.apache.poi.openxml4j.util.ZipArchiveThresholdInputStream.getNextEntry(ZipArchiveThresholdInputStream.java:156)
at org.apache.poi.openxml4j.util.ZipInputStreamZipEntrySource.<init>(ZipInputStreamZipEntrySource.java:94)
at org.apache.poi.openxml4j.opc.ZipPackage.<init>(ZipPackage.java:132)
at org.apache.poi.openxml4j.opc.OPCPackage.open(OPCPackage.java:319)
at org.apache.poi.ooxml.util.PackageHelper.open(PackageHelper.java:59)
at org.apache.poi.xssf.usermodel.XSSFWorkbook.<init>(XSSFWorkbook.java:290)
at org.apache.poi.xssf.usermodel.XSSFWorkbook.<init>(XSSFWorkbook.java:286)
at utilities.ExcelUtility.getStringdata(ExcelUtility.java:22)
at testscripts.ManageNewsTest.verifyWhetherUserIsAbleToNavigateToManageNewsPageAndAddANews(ManageNewsTest.java:17)
at java.base/java.util.ArrayList.forEach(ArrayList.java:1596)
at java.base/java.util.concurrent.FutureTask.run(FutureTask.java:317)
at java.base/java.util.concurrent.ThreadPoolExecutor.runWorker(ThreadPoolExecutor.java:1144)
at java.base/java.util.concurrent.ThreadPoolExecutor$Worker.run(ThreadPoolExecutor.java:642)
at java.base/java.lang.Thread.run(Thread.java:1583)
Caused by: java.util.zip.ZipException: Unexpected record signature: 0X4BECAAE0
at org.apache.commons.compress.archivers.zip.ZipArchiveInputStream.getNextZipEntry(ZipArchiveInputStream.java:296)
at org.apache.poi.openxml4j.util.ZipArchiveThresholdInputStream.getNextEntry(ZipArchiveThresholdInputStream.java:152)
... 28 more
... Removed 15 stack frames]]>
    </failure>
  </testcase> <!-- verifyWhetherUserIsAbleToNavigateToManageNewsPageAndAddANews -->
  <testcase classname="testscripts.ManageNewsTest" name="verifyWhetherUserIsAbleToNavigateToManageNewsPageAndSearchANews" time="8.18"/>
</testsuite> <!-- Test2 -->
