<?xml version="1.0" encoding="UTF-8"?>
<testng-results ignored="0" total="1" passed="1" failed="0" skipped="0">
  <reporter-output>
  </reporter-output>
  <suite started-at="2025-04-03T10:43:18 IST" name="Suite" finished-at="2025-04-03T10:43:21 IST" duration-ms="3032">
    <groups>
    </groups>
    <test started-at="2025-04-03T10:43:18 IST" name="Test" finished-at="2025-04-03T10:43:21 IST" duration-ms="3032">
      <class name="testscripts.LoginTest">
        <test-method is-config="true" signature="initialiseBrowser(java.lang.String)[pri:0, instance:testscripts.LoginTest@45385f75]" started-at="2025-04-03T10:43:18 IST" name="initialiseBrowser" finished-at="2025-04-03T10:43:20 IST" duration-ms="1893" status="PASS">
          <params>
            <param index="0">
              <value>
                <![CDATA[Chrome]]>
              </value>
            </param>
          </params>
          <reporter-output>
          </reporter-output>
        </test-method> <!-- initialiseBrowser -->
        <test-method signature="verifyWhetherUserIsAbleToLoginWithValidCredentials()[pri:4, instance:testscripts.LoginTest@45385f75]" started-at="2025-04-03T10:43:20 IST" name="verifyWhetherUserIsAbleToLoginWithValidCredentials" description="Verify whether user is able to successfully login with valid credentials" finished-at="2025-04-03T10:43:21 IST" duration-ms="980" status="PASS">
          <reporter-output>
          </reporter-output>
        </test-method> <!-- verifyWhetherUserIsAbleToLoginWithValidCredentials -->
        <test-method is-config="true" signature="driverQuit(org.testng.ITestResult)[pri:0, instance:testscripts.LoginTest@45385f75]" started-at="2025-04-03T10:43:21 IST" name="driverQuit" finished-at="2025-04-03T10:43:21 IST" duration-ms="129" status="PASS">
          <params>
            <param index="0">
              <value>
                <![CDATA[[TestResult name=verifyWhetherUserIsAbleToLoginWithValidCredentials status=SUCCESS method=LoginTest.verifyWhetherUserIsAbleToLoginWithValidCredentials()[pri:4, instance:testscripts.LoginTest@45385f75] output={null}]]]>
              </value>
            </param>
          </params>
          <reporter-output>
          </reporter-output>
        </test-method> <!-- driverQuit -->
      </class> <!-- testscripts.LoginTest -->
    </test> <!-- Test -->
  </suite> <!-- Suite -->
</testng-results>
