<?xml version="1.0" encoding="UTF-8"?>
<!-- Generated by org.testng.reporters.JUnitXMLReporter -->
<testsuite ignored="0" hostname="NAA" failures="0" tests="4" name="Default test" time="18.946" errors="0" timestamp="2025-03-18T10:26:08 IST">
  <testcase classname="seleniumBasics.LoginTest" name="verifyWhetherUserCanLoginWithValidCredentials" time="4.79"/>
  <testcase classname="seleniumBasics.LoginTest" name="verifyWhetherUserCanLoginWithValidUsernameAndInvalidPassword" time="0.751"/>
  <testcase classname="seleniumBasics.LoginTest" name="verifyWhetherUserCanLoginWithInvalidCredentials" time="0.526"/>
  <testcase classname="seleniumBasics.LoginTest" name="verifyWhetherUserCanLoginWithInvalidUsernameAndValidPassword" time="0.488"/>
</testsuite> <!-- Default test -->
